<?xml version="1.0" encoding="UTF-8"?>
<!-- Generated by org.testng.reporters.JUnitXMLReporter -->
<testsuite ignored="3" hostname="LAPTOP-N926GS71" failures="0" tests="1" name="Default test" time="7.141" errors="0" timestamp="2022-07-19T08:59:34 IST">
  <testcase classname="com.testcase.LoginPageTest" name="loginTest" time="0.611"/>
  <testcase classname="com.testcase.LoginPageTest" name="multipleLoginTest" time="0.0">
    <ignored/>
  </testcase> <!-- multipleLoginTest -->
  <testcase classname="com.testcase.LoginPageTest" name="faceBookLogoImageTest" time="0.0">
    <ignored/>
  </testcase> <!-- faceBookLogoImageTest -->
  <testcase classname="com.testcase.LoginPageTest" name="loginPageTitleTest" time="0.0">
    <ignored/>
  </testcase> <!-- loginPageTitleTest -->
</testsuite> <!-- Default test -->
