<?xml version="1.0" encoding="UTF-8"?>
<!-- Generated by org.testng.reporters.JUnitXMLReporter -->
<testsuite ignored="1" hostname="LAPTOP-N926GS71" failures="0" tests="1" name="Default test" time="7.521" errors="0" timestamp="2022-07-16T22:01:14 IST">
  <testcase classname="com.testcase.SignUpPageTest" name="SignUpTest" time="1.934"/>
  <testcase classname="com.testcase.SignUpPageTest" name="signUpPageTitleTest" time="0.0">
    <ignored/>
  </testcase> <!-- signUpPageTitleTest -->
</testsuite> <!-- Default test -->
