<?xml version="1.0" encoding="UTF-8"?>
<testng-results ignored="0" total="23" passed="22" failed="1" skipped="0">
  <reporter-output>
  </reporter-output>
  <suite started-at="2022-07-16T22:02:38 IST" name="Facebook Application Test Automation Test Suite" finished-at="2022-07-16T22:08:18 IST" duration-ms="340233">
    <groups>
    </groups>
    <test started-at="2022-07-16T22:02:38 IST" name="Facebook App Test Cases" finished-at="2022-07-16T22:08:18 IST" duration-ms="340233">
      <class name="com.testcase.FindFriendsTest">
        <test-method is-config="true" signature="setUp()[pri:0, instance:com.testcase.FindFriendsTest@6c40365c]" started-at="2022-07-16T22:05:53 IST" name="setUp" finished-at="2022-07-16T22:06:19 IST" duration-ms="26347" status="PASS">
          <reporter-output>
          </reporter-output>
        </test-method> <!-- setUp -->
        <test-method signature="verifyFindFriendsTitleTest()[pri:1, instance:com.testcase.FindFriendsTest@6c40365c]" started-at="2022-07-16T22:06:19 IST" name="verifyFindFriendsTitleTest" finished-at="2022-07-16T22:06:19 IST" duration-ms="50" status="PASS">
          <reporter-output>
          </reporter-output>
        </test-method> <!-- verifyFindFriendsTitleTest -->
        <test-method is-config="true" signature="tearDown()[pri:0, instance:com.testcase.FindFriendsTest@6c40365c]" started-at="2022-07-16T22:06:19 IST" name="tearDown" finished-at="2022-07-16T22:06:20 IST" duration-ms="294" status="PASS">
          <reporter-output>
          </reporter-output>
        </test-method> <!-- tearDown -->
        <test-method is-config="true" signature="setUp()[pri:0, instance:com.testcase.FindFriendsTest@6c40365c]" started-at="2022-07-16T22:06:20 IST" name="setUp" finished-at="2022-07-16T22:06:30 IST" duration-ms="10103" status="PASS">
          <reporter-output>
          </reporter-output>
        </test-method> <!-- setUp -->
        <test-method signature="verifyFriendRequestLink()[pri:2, instance:com.testcase.FindFriendsTest@6c40365c]" started-at="2022-07-16T22:06:30 IST" name="verifyFriendRequestLink" finished-at="2022-07-16T22:06:30 IST" duration-ms="149" status="PASS">
          <reporter-output>
          </reporter-output>
        </test-method> <!-- verifyFriendRequestLink -->
        <test-method is-config="true" signature="tearDown()[pri:0, instance:com.testcase.FindFriendsTest@6c40365c]" started-at="2022-07-16T22:06:30 IST" name="tearDown" finished-at="2022-07-16T22:06:30 IST" duration-ms="288" status="PASS">
          <reporter-output>
          </reporter-output>
        </test-method> <!-- tearDown -->
        <test-method is-config="true" signature="setUp()[pri:0, instance:com.testcase.FindFriendsTest@6c40365c]" started-at="2022-07-16T22:06:30 IST" name="setUp" finished-at="2022-07-16T22:06:39 IST" duration-ms="9002" status="PASS">
          <reporter-output>
          </reporter-output>
        </test-method> <!-- setUp -->
        <test-method signature="verifySuggestionsLink()[pri:3, instance:com.testcase.FindFriendsTest@6c40365c]" started-at="2022-07-16T22:06:39 IST" name="verifySuggestionsLink" finished-at="2022-07-16T22:06:41 IST" duration-ms="1788" status="PASS">
          <reporter-output>
          </reporter-output>
        </test-method> <!-- verifySuggestionsLink -->
        <test-method is-config="true" signature="tearDown()[pri:0, instance:com.testcase.FindFriendsTest@6c40365c]" started-at="2022-07-16T22:06:41 IST" name="tearDown" finished-at="2022-07-16T22:06:41 IST" duration-ms="391" status="PASS">
          <reporter-output>
          </reporter-output>
        </test-method> <!-- tearDown -->
        <test-method is-config="true" signature="setUp()[pri:0, instance:com.testcase.FindFriendsTest@6c40365c]" started-at="2022-07-16T22:06:41 IST" name="setUp" finished-at="2022-07-16T22:06:52 IST" duration-ms="10398" status="PASS">
          <reporter-output>
          </reporter-output>
        </test-method> <!-- setUp -->
        <test-method signature="verifyBirthdaysLink()[pri:4, instance:com.testcase.FindFriendsTest@6c40365c]" started-at="2022-07-16T22:06:52 IST" name="verifyBirthdaysLink" finished-at="2022-07-16T22:06:53 IST" duration-ms="1662" status="PASS">
          <reporter-output>
          </reporter-output>
        </test-method> <!-- verifyBirthdaysLink -->
        <test-method is-config="true" signature="tearDown()[pri:0, instance:com.testcase.FindFriendsTest@6c40365c]" started-at="2022-07-16T22:06:53 IST" name="tearDown" finished-at="2022-07-16T22:06:54 IST" duration-ms="440" status="PASS">
          <reporter-output>
          </reporter-output>
        </test-method> <!-- tearDown -->
        <test-method is-config="true" signature="setUp()[pri:0, instance:com.testcase.FindFriendsTest@6c40365c]" started-at="2022-07-16T22:06:54 IST" name="setUp" finished-at="2022-07-16T22:07:03 IST" duration-ms="9312" status="PASS">
          <reporter-output>
          </reporter-output>
        </test-method> <!-- setUp -->
        <test-method signature="verifyCustomsLink()[pri:5, instance:com.testcase.FindFriendsTest@6c40365c]" started-at="2022-07-16T22:07:03 IST" name="verifyCustomsLink" finished-at="2022-07-16T22:07:07 IST" duration-ms="4254" status="PASS">
          <reporter-output>
          </reporter-output>
        </test-method> <!-- verifyCustomsLink -->
        <test-method is-config="true" signature="tearDown()[pri:0, instance:com.testcase.FindFriendsTest@6c40365c]" started-at="2022-07-16T22:07:07 IST" name="tearDown" finished-at="2022-07-16T22:07:08 IST" duration-ms="348" status="PASS">
          <reporter-output>
          </reporter-output>
        </test-method> <!-- tearDown -->
        <test-method is-config="true" signature="setUp()[pri:0, instance:com.testcase.FindFriendsTest@6c40365c]" started-at="2022-07-16T22:07:08 IST" name="setUp" finished-at="2022-07-16T22:07:40 IST" duration-ms="31915" status="PASS">
          <reporter-output>
          </reporter-output>
        </test-method> <!-- setUp -->
        <test-method signature="add_friend()[pri:6, instance:com.testcase.FindFriendsTest@6c40365c]" started-at="2022-07-16T22:07:40 IST" name="add_friend" finished-at="2022-07-16T22:07:45 IST" duration-ms="5298" status="PASS">
          <reporter-output>
          </reporter-output>
        </test-method> <!-- add_friend -->
        <test-method is-config="true" signature="tearDown()[pri:0, instance:com.testcase.FindFriendsTest@6c40365c]" started-at="2022-07-16T22:07:45 IST" name="tearDown" finished-at="2022-07-16T22:07:45 IST" duration-ms="450" status="PASS">
          <reporter-output>
          </reporter-output>
        </test-method> <!-- tearDown -->
        <test-method is-config="true" signature="setUp()[pri:0, instance:com.testcase.FindFriendsTest@6c40365c]" started-at="2022-07-16T22:07:45 IST" name="setUp" finished-at="2022-07-16T22:08:04 IST" duration-ms="18383" status="PASS">
          <reporter-output>
          </reporter-output>
        </test-method> <!-- setUp -->
        <test-method signature="confirm_friend()[pri:7, instance:com.testcase.FindFriendsTest@6c40365c]" started-at="2022-07-16T22:08:04 IST" name="confirm_friend" finished-at="2022-07-16T22:08:08 IST" duration-ms="4477" status="PASS">
          <reporter-output>
          </reporter-output>
        </test-method> <!-- confirm_friend -->
        <test-method is-config="true" signature="tearDown()[pri:0, instance:com.testcase.FindFriendsTest@6c40365c]" started-at="2022-07-16T22:08:08 IST" name="tearDown" finished-at="2022-07-16T22:08:09 IST" duration-ms="425" status="PASS">
          <reporter-output>
          </reporter-output>
        </test-method> <!-- tearDown -->
      </class> <!-- com.testcase.FindFriendsTest -->
      <class name="com.testcase.LoginPageTest">
        <test-method is-config="true" signature="setUp()[pri:0, instance:com.testcase.LoginPageTest@185a6e9]" started-at="2022-07-16T22:02:38 IST" name="setUp" finished-at="2022-07-16T22:02:44 IST" duration-ms="5837" status="PASS">
          <reporter-output>
          </reporter-output>
        </test-method> <!-- setUp -->
        <test-method signature="loginPageTitleTest()[pri:1, instance:com.testcase.LoginPageTest@185a6e9]" started-at="2022-07-16T22:02:44 IST" name="loginPageTitleTest" finished-at="2022-07-16T22:02:44 IST" duration-ms="18" status="PASS">
          <reporter-output>
          </reporter-output>
        </test-method> <!-- loginPageTitleTest -->
        <test-method is-config="true" signature="tearDown()[pri:0, instance:com.testcase.LoginPageTest@185a6e9]" started-at="2022-07-16T22:02:44 IST" name="tearDown" finished-at="2022-07-16T22:02:44 IST" duration-ms="354" status="PASS">
          <reporter-output>
          </reporter-output>
        </test-method> <!-- tearDown -->
        <test-method is-config="true" signature="setUp()[pri:0, instance:com.testcase.LoginPageTest@185a6e9]" started-at="2022-07-16T22:02:44 IST" name="setUp" finished-at="2022-07-16T22:02:47 IST" duration-ms="2926" status="PASS">
          <reporter-output>
          </reporter-output>
        </test-method> <!-- setUp -->
        <test-method signature="faceBookLogoImageTest()[pri:2, instance:com.testcase.LoginPageTest@185a6e9]" started-at="2022-07-16T22:02:47 IST" name="faceBookLogoImageTest" finished-at="2022-07-16T22:02:47 IST" duration-ms="53" status="PASS">
          <reporter-output>
          </reporter-output>
        </test-method> <!-- faceBookLogoImageTest -->
        <test-method is-config="true" signature="tearDown()[pri:0, instance:com.testcase.LoginPageTest@185a6e9]" started-at="2022-07-16T22:02:47 IST" name="tearDown" finished-at="2022-07-16T22:02:47 IST" duration-ms="296" status="PASS">
          <reporter-output>
          </reporter-output>
        </test-method> <!-- tearDown -->
        <test-method is-config="true" signature="setUp()[pri:0, instance:com.testcase.LoginPageTest@185a6e9]" started-at="2022-07-16T22:02:47 IST" name="setUp" finished-at="2022-07-16T22:02:50 IST" duration-ms="2410" status="PASS">
          <reporter-output>
          </reporter-output>
        </test-method> <!-- setUp -->
        <test-method signature="loginTest()[pri:3, instance:com.testcase.LoginPageTest@185a6e9]" started-at="2022-07-16T22:02:50 IST" name="loginTest" finished-at="2022-07-16T22:02:50 IST" duration-ms="285" status="PASS">
          <reporter-output>
          </reporter-output>
        </test-method> <!-- loginTest -->
        <test-method is-config="true" signature="tearDown()[pri:0, instance:com.testcase.LoginPageTest@185a6e9]" started-at="2022-07-16T22:02:50 IST" name="tearDown" finished-at="2022-07-16T22:02:50 IST" duration-ms="332" status="PASS">
          <reporter-output>
          </reporter-output>
        </test-method> <!-- tearDown -->
      </class> <!-- com.testcase.LoginPageTest -->
      <class name="com.testcase.HomePageTest">
        <test-method is-config="true" signature="setUp()[pri:0, instance:com.testcase.HomePageTest@77f1baf5]" started-at="2022-07-16T22:02:50 IST" name="setUp" finished-at="2022-07-16T22:02:53 IST" duration-ms="2643" status="PASS">
          <reporter-output>
          </reporter-output>
        </test-method> <!-- setUp -->
        <test-method signature="HomePageTitleTest()[pri:1, instance:com.testcase.HomePageTest@77f1baf5]" started-at="2022-07-16T22:02:53 IST" name="HomePageTitleTest" finished-at="2022-07-16T22:03:04 IST" duration-ms="11396" status="FAIL">
          <exception class="java.lang.AssertionError">
            <message>
              <![CDATA[expected [Facebook] but found [(1) Facebook]]]>
            </message>
            <full-stacktrace>
              <![CDATA[java.lang.AssertionError: expected [Facebook] but found [(1) Facebook]
at org.testng.Assert.fail(Assert.java:99)
at org.testng.Assert.failNotEquals(Assert.java:1037)
at org.testng.Assert.assertEqualsImpl(Assert.java:140)
at org.testng.Assert.assertEquals(Assert.java:122)
at org.testng.Assert.assertEquals(Assert.java:629)
at org.testng.Assert.assertEquals(Assert.java:639)
at com.testcase.HomePageTest.HomePageTitleTest(HomePageTest.java:45)
at java.base/jdk.internal.reflect.NativeMethodAccessorImpl.invoke0(Native Method)
at java.base/jdk.internal.reflect.NativeMethodAccessorImpl.invoke(NativeMethodAccessorImpl.java:77)
at java.base/jdk.internal.reflect.DelegatingMethodAccessorImpl.invoke(DelegatingMethodAccessorImpl.java:43)
at java.base/java.lang.reflect.Method.invoke(Method.java:568)
at org.testng.internal.MethodInvocationHelper.invokeMethod(MethodInvocationHelper.java:133)
at org.testng.internal.TestInvoker.invokeMethod(TestInvoker.java:598)
at org.testng.internal.TestInvoker.invokeTestMethod(TestInvoker.java:173)
at org.testng.internal.MethodRunner.runInSequence(MethodRunner.java:46)
at org.testng.internal.TestInvoker$MethodInvocationAgent.invoke(TestInvoker.java:824)
at org.testng.internal.TestInvoker.invokeTestMethods(TestInvoker.java:146)
at org.testng.internal.TestMethodWorker.invokeTestMethods(TestMethodWorker.java:146)
at org.testng.internal.TestMethodWorker.run(TestMethodWorker.java:128)
at java.base/java.util.ArrayList.forEach(ArrayList.java:1511)
at org.testng.TestRunner.privateRun(TestRunner.java:794)
at org.testng.TestRunner.run(TestRunner.java:596)
at org.testng.SuiteRunner.runTest(SuiteRunner.java:377)
at org.testng.SuiteRunner.runSequentially(SuiteRunner.java:371)
at org.testng.SuiteRunner.privateRun(SuiteRunner.java:332)
at org.testng.SuiteRunner.run(SuiteRunner.java:276)
at org.testng.SuiteRunnerWorker.runSuite(SuiteRunnerWorker.java:53)
at org.testng.SuiteRunnerWorker.run(SuiteRunnerWorker.java:96)
at org.testng.TestNG.runSuitesSequentially(TestNG.java:1212)
at org.testng.TestNG.runSuitesLocally(TestNG.java:1134)
at org.testng.TestNG.runSuites(TestNG.java:1063)
at org.testng.TestNG.run(TestNG.java:1031)
at org.testng.remote.AbstractRemoteTestNG.run(AbstractRemoteTestNG.java:115)
at org.testng.remote.RemoteTestNG.initAndRun(RemoteTestNG.java:251)
at org.testng.remote.RemoteTestNG.main(RemoteTestNG.java:77)
]]>
            </full-stacktrace>
          </exception> <!-- java.lang.AssertionError -->
          <reporter-output>
          </reporter-output>
        </test-method> <!-- HomePageTitleTest -->
        <test-method is-config="true" signature="tearDown()[pri:0, instance:com.testcase.HomePageTest@77f1baf5]" started-at="2022-07-16T22:03:04 IST" name="tearDown" finished-at="2022-07-16T22:03:05 IST" duration-ms="353" status="PASS">
          <reporter-output>
          </reporter-output>
        </test-method> <!-- tearDown -->
        <test-method is-config="true" signature="setUp()[pri:0, instance:com.testcase.HomePageTest@77f1baf5]" started-at="2022-07-16T22:03:05 IST" name="setUp" finished-at="2022-07-16T22:03:08 IST" duration-ms="3426" status="PASS">
          <reporter-output>
          </reporter-output>
        </test-method> <!-- setUp -->
        <test-method signature="verifyUserNameTest()[pri:2, instance:com.testcase.HomePageTest@77f1baf5]" started-at="2022-07-16T22:03:08 IST" name="verifyUserNameTest" finished-at="2022-07-16T22:03:22 IST" duration-ms="13322" status="PASS">
          <reporter-output>
          </reporter-output>
        </test-method> <!-- verifyUserNameTest -->
        <test-method is-config="true" signature="tearDown()[pri:0, instance:com.testcase.HomePageTest@77f1baf5]" started-at="2022-07-16T22:03:22 IST" name="tearDown" finished-at="2022-07-16T22:03:22 IST" duration-ms="426" status="PASS">
          <reporter-output>
          </reporter-output>
        </test-method> <!-- tearDown -->
        <test-method is-config="true" signature="setUp()[pri:0, instance:com.testcase.HomePageTest@77f1baf5]" started-at="2022-07-16T22:03:22 IST" name="setUp" finished-at="2022-07-16T22:03:25 IST" duration-ms="3294" status="PASS">
          <reporter-output>
          </reporter-output>
        </test-method> <!-- setUp -->
        <test-method signature="verifyClickOnFriends()[pri:3, instance:com.testcase.HomePageTest@77f1baf5]" started-at="2022-07-16T22:03:25 IST" name="verifyClickOnFriends" finished-at="2022-07-16T22:03:33 IST" duration-ms="8129" status="PASS">
          <reporter-output>
          </reporter-output>
        </test-method> <!-- verifyClickOnFriends -->
        <test-method is-config="true" signature="tearDown()[pri:0, instance:com.testcase.HomePageTest@77f1baf5]" started-at="2022-07-16T22:03:33 IST" name="tearDown" finished-at="2022-07-16T22:03:34 IST" duration-ms="295" status="PASS">
          <reporter-output>
          </reporter-output>
        </test-method> <!-- tearDown -->
        <test-method is-config="true" signature="setUp()[pri:0, instance:com.testcase.HomePageTest@77f1baf5]" started-at="2022-07-16T22:03:34 IST" name="setUp" finished-at="2022-07-16T22:03:41 IST" duration-ms="7339" status="PASS">
          <reporter-output>
          </reporter-output>
        </test-method> <!-- setUp -->
        <test-method signature="verifyHomePage()[pri:4, instance:com.testcase.HomePageTest@77f1baf5]" started-at="2022-07-16T22:03:41 IST" name="verifyHomePage" finished-at="2022-07-16T22:03:50 IST" duration-ms="9288" status="PASS">
          <reporter-output>
          </reporter-output>
        </test-method> <!-- verifyHomePage -->
        <test-method is-config="true" signature="tearDown()[pri:0, instance:com.testcase.HomePageTest@77f1baf5]" started-at="2022-07-16T22:03:50 IST" name="tearDown" finished-at="2022-07-16T22:03:51 IST" duration-ms="405" status="PASS">
          <reporter-output>
          </reporter-output>
        </test-method> <!-- tearDown -->
        <test-method is-config="true" signature="setUp()[pri:0, instance:com.testcase.HomePageTest@77f1baf5]" started-at="2022-07-16T22:03:51 IST" name="setUp" finished-at="2022-07-16T22:03:54 IST" duration-ms="3623" status="PASS">
          <reporter-output>
          </reporter-output>
        </test-method> <!-- setUp -->
        <test-method signature="verifyClickOnLogout()[pri:5, instance:com.testcase.HomePageTest@77f1baf5]" started-at="2022-07-16T22:03:54 IST" name="verifyClickOnLogout" finished-at="2022-07-16T22:04:07 IST" duration-ms="12517" status="PASS">
          <reporter-output>
          </reporter-output>
        </test-method> <!-- verifyClickOnLogout -->
        <test-method is-config="true" signature="tearDown()[pri:0, instance:com.testcase.HomePageTest@77f1baf5]" started-at="2022-07-16T22:04:07 IST" name="tearDown" finished-at="2022-07-16T22:04:07 IST" duration-ms="402" status="PASS">
          <reporter-output>
          </reporter-output>
        </test-method> <!-- tearDown -->
        <test-method is-config="true" signature="setUp()[pri:0, instance:com.testcase.HomePageTest@77f1baf5]" started-at="2022-07-16T22:04:07 IST" name="setUp" finished-at="2022-07-16T22:04:11 IST" duration-ms="4090" status="PASS">
          <reporter-output>
          </reporter-output>
        </test-method> <!-- setUp -->
        <test-method signature="verifyMenuLinkTest()[pri:6, instance:com.testcase.HomePageTest@77f1baf5]" started-at="2022-07-16T22:04:11 IST" name="verifyMenuLinkTest" finished-at="2022-07-16T22:04:25 IST" duration-ms="13371" status="PASS">
          <reporter-output>
          </reporter-output>
        </test-method> <!-- verifyMenuLinkTest -->
        <test-method is-config="true" signature="tearDown()[pri:0, instance:com.testcase.HomePageTest@77f1baf5]" started-at="2022-07-16T22:04:25 IST" name="tearDown" finished-at="2022-07-16T22:04:25 IST" duration-ms="337" status="PASS">
          <reporter-output>
          </reporter-output>
        </test-method> <!-- tearDown -->
        <test-method is-config="true" signature="setUp()[pri:0, instance:com.testcase.HomePageTest@77f1baf5]" started-at="2022-07-16T22:04:25 IST" name="setUp" finished-at="2022-07-16T22:04:28 IST" duration-ms="3307" status="PASS">
          <reporter-output>
          </reporter-output>
        </test-method> <!-- setUp -->
        <test-method signature="verifyMessengerLinkTest()[pri:7, instance:com.testcase.HomePageTest@77f1baf5]" started-at="2022-07-16T22:04:28 IST" name="verifyMessengerLinkTest" finished-at="2022-07-16T22:04:43 IST" duration-ms="15069" status="PASS">
          <reporter-output>
          </reporter-output>
        </test-method> <!-- verifyMessengerLinkTest -->
        <test-method is-config="true" signature="tearDown()[pri:0, instance:com.testcase.HomePageTest@77f1baf5]" started-at="2022-07-16T22:04:43 IST" name="tearDown" finished-at="2022-07-16T22:04:44 IST" duration-ms="439" status="PASS">
          <reporter-output>
          </reporter-output>
        </test-method> <!-- tearDown -->
        <test-method is-config="true" signature="setUp()[pri:0, instance:com.testcase.HomePageTest@77f1baf5]" started-at="2022-07-16T22:04:44 IST" name="setUp" finished-at="2022-07-16T22:04:56 IST" duration-ms="11653" status="PASS">
          <reporter-output>
          </reporter-output>
        </test-method> <!-- setUp -->
        <test-method signature="verifyNotificationsLinkTest()[pri:8, instance:com.testcase.HomePageTest@77f1baf5]" started-at="2022-07-16T22:04:56 IST" name="verifyNotificationsLinkTest" finished-at="2022-07-16T22:05:05 IST" duration-ms="9812" status="PASS">
          <reporter-output>
          </reporter-output>
        </test-method> <!-- verifyNotificationsLinkTest -->
        <test-method is-config="true" signature="tearDown()[pri:0, instance:com.testcase.HomePageTest@77f1baf5]" started-at="2022-07-16T22:05:05 IST" name="tearDown" finished-at="2022-07-16T22:05:06 IST" duration-ms="320" status="PASS">
          <reporter-output>
          </reporter-output>
        </test-method> <!-- tearDown -->
      </class> <!-- com.testcase.HomePageTest -->
      <class name="com.testcase.ProfilePageTest">
        <test-method is-config="true" signature="setUp()[pri:0, instance:com.testcase.ProfilePageTest@41a2befb]" started-at="2022-07-16T22:05:06 IST" name="setUp" finished-at="2022-07-16T22:05:09 IST" duration-ms="3267" status="PASS">
          <reporter-output>
          </reporter-output>
        </test-method> <!-- setUp -->
        <test-method signature="click_profilePage()[pri:1, instance:com.testcase.ProfilePageTest@41a2befb]" started-at="2022-07-16T22:05:09 IST" name="click_profilePage" finished-at="2022-07-16T22:05:18 IST" duration-ms="8648" status="PASS">
          <reporter-output>
          </reporter-output>
        </test-method> <!-- click_profilePage -->
        <test-method is-config="true" signature="tearDown()[pri:0, instance:com.testcase.ProfilePageTest@41a2befb]" started-at="2022-07-16T22:05:18 IST" name="tearDown" finished-at="2022-07-16T22:05:18 IST" duration-ms="345" status="PASS">
          <reporter-output>
          </reporter-output>
        </test-method> <!-- tearDown -->
        <test-method is-config="true" signature="setUp()[pri:0, instance:com.testcase.ProfilePageTest@41a2befb]" started-at="2022-07-16T22:05:18 IST" name="setUp" finished-at="2022-07-16T22:05:21 IST" duration-ms="3039" status="PASS">
          <reporter-output>
          </reporter-output>
        </test-method> <!-- setUp -->
        <test-method signature="verifyProfile()[pri:2, instance:com.testcase.ProfilePageTest@41a2befb]" started-at="2022-07-16T22:05:21 IST" name="verifyProfile" finished-at="2022-07-16T22:05:27 IST" duration-ms="6195" status="PASS">
          <reporter-output>
          </reporter-output>
        </test-method> <!-- verifyProfile -->
        <test-method is-config="true" signature="tearDown()[pri:0, instance:com.testcase.ProfilePageTest@41a2befb]" started-at="2022-07-16T22:05:27 IST" name="tearDown" finished-at="2022-07-16T22:05:27 IST" duration-ms="285" status="PASS">
          <reporter-output>
          </reporter-output>
        </test-method> <!-- tearDown -->
        <test-method is-config="true" signature="setUp()[pri:0, instance:com.testcase.ProfilePageTest@41a2befb]" started-at="2022-07-16T22:05:27 IST" name="setUp" finished-at="2022-07-16T22:05:30 IST" duration-ms="2591" status="PASS">
          <reporter-output>
          </reporter-output>
        </test-method> <!-- setUp -->
        <test-method signature="click_uploadPhoto()[pri:3, instance:com.testcase.ProfilePageTest@41a2befb]" started-at="2022-07-16T22:05:30 IST" name="click_uploadPhoto" finished-at="2022-07-16T22:05:52 IST" duration-ms="22352" status="PASS">
          <reporter-output>
          </reporter-output>
        </test-method> <!-- click_uploadPhoto -->
        <test-method is-config="true" signature="tearDown()[pri:0, instance:com.testcase.ProfilePageTest@41a2befb]" started-at="2022-07-16T22:05:52 IST" name="tearDown" finished-at="2022-07-16T22:05:53 IST" duration-ms="440" status="PASS">
          <reporter-output>
          </reporter-output>
        </test-method> <!-- tearDown -->
      </class> <!-- com.testcase.ProfilePageTest -->
      <class name="com.testcase.SignUpPageTest">
        <test-method is-config="true" signature="setUp()[pri:0, instance:com.testcase.SignUpPageTest@7bedc48a]" started-at="2022-07-16T22:08:09 IST" name="setUp" finished-at="2022-07-16T22:08:13 IST" duration-ms="4245" status="PASS">
          <reporter-output>
          </reporter-output>
        </test-method> <!-- setUp -->
        <test-method signature="signUpPageTitleTest()[pri:1, instance:com.testcase.SignUpPageTest@7bedc48a]" started-at="2022-07-16T22:08:13 IST" name="signUpPageTitleTest" finished-at="2022-07-16T22:08:13 IST" duration-ms="10" status="PASS">
          <reporter-output>
          </reporter-output>
        </test-method> <!-- signUpPageTitleTest -->
        <test-method is-config="true" signature="tearDown()[pri:0, instance:com.testcase.SignUpPageTest@7bedc48a]" started-at="2022-07-16T22:08:13 IST" name="tearDown" finished-at="2022-07-16T22:08:13 IST" duration-ms="325" status="PASS">
          <reporter-output>
          </reporter-output>
        </test-method> <!-- tearDown -->
        <test-method is-config="true" signature="setUp()[pri:0, instance:com.testcase.SignUpPageTest@7bedc48a]" started-at="2022-07-16T22:08:13 IST" name="setUp" finished-at="2022-07-16T22:08:16 IST" duration-ms="2958" status="PASS">
          <reporter-output>
          </reporter-output>
        </test-method> <!-- setUp -->
        <test-method signature="SignUpTest()[pri:2, instance:com.testcase.SignUpPageTest@7bedc48a]" started-at="2022-07-16T22:08:16 IST" name="SignUpTest" finished-at="2022-07-16T22:08:18 IST" duration-ms="1544" status="PASS">
          <reporter-output>
          </reporter-output>
        </test-method> <!-- SignUpTest -->
        <test-method is-config="true" signature="tearDown()[pri:0, instance:com.testcase.SignUpPageTest@7bedc48a]" started-at="2022-07-16T22:08:18 IST" name="tearDown" finished-at="2022-07-16T22:08:18 IST" duration-ms="312" status="PASS">
          <reporter-output>
          </reporter-output>
        </test-method> <!-- tearDown -->
      </class> <!-- com.testcase.SignUpPageTest -->
    </test> <!-- Facebook App Test Cases -->
  </suite> <!-- Facebook Application Test Automation Test Suite -->
</testng-results>
